{"/usr/src/maya/api/controllers/UrlController.js": {"path":"/usr/src/maya/api/controllers/UrlController.js","all":false,"statementMap":{"0":{"start":{"line":1,"column":0},"end":{"line":1,"column":40}},"1":{"start":{"line":2,"column":0},"end":{"line":2,"column":51}},"2":{"start":{"line":3,"column":0},"end":{"line":3,"column":0}},"3":{"start":{"line":4,"column":0},"end":{"line":4,"column":21}},"4":{"start":{"line":5,"column":0},"end":{"line":5,"column":0}},"5":{"start":{"line":6,"column":0},"end":{"line":6,"column":4}},"6":{"start":{"line":7,"column":0},"end":{"line":7,"column":12}},"7":{"start":{"line":8,"column":0},"end":{"line":8,"column":4}},"8":{"start":{"line":9,"column":0},"end":{"line":9,"column":19}},"9":{"start":{"line":10,"column":0},"end":{"line":10,"column":19}},"10":{"start":{"line":11,"column":0},"end":{"line":11,"column":18}},"11":{"start":{"line":12,"column":0},"end":{"line":12,"column":4}},"12":{"start":{"line":13,"column":0},"end":{"line":13,"column":24}},"13":{"start":{"line":14,"column":0},"end":{"line":14,"column":7}},"14":{"start":{"line":15,"column":0},"end":{"line":15,"column":32}},"15":{"start":{"line":16,"column":0},"end":{"line":16,"column":0}},"16":{"start":{"line":17,"column":0},"end":{"line":17,"column":13}},"17":{"start":{"line":18,"column":0},"end":{"line":18,"column":33}},"18":{"start":{"line":19,"column":0},"end":{"line":19,"column":0}},"19":{"start":{"line":20,"column":0},"end":{"line":20,"column":25}},"20":{"start":{"line":21,"column":0},"end":{"line":21,"column":17}},"21":{"start":{"line":22,"column":0},"end":{"line":22,"column":42}},"22":{"start":{"line":23,"column":0},"end":{"line":23,"column":3}},"23":{"start":{"line":24,"column":0},"end":{"line":24,"column":2}},"24":{"start":{"line":25,"column":0},"end":{"line":25,"column":0}},"25":{"start":{"line":26,"column":0},"end":{"line":26,"column":4}},"26":{"start":{"line":27,"column":0},"end":{"line":27,"column":29}},"27":{"start":{"line":28,"column":0},"end":{"line":28,"column":4}},"28":{"start":{"line":29,"column":0},"end":{"line":29,"column":19}},"29":{"start":{"line":30,"column":0},"end":{"line":30,"column":19}},"30":{"start":{"line":31,"column":0},"end":{"line":31,"column":18}},"31":{"start":{"line":32,"column":0},"end":{"line":32,"column":4}},"32":{"start":{"line":33,"column":0},"end":{"line":33,"column":23}},"33":{"start":{"line":34,"column":0},"end":{"line":34,"column":7}},"34":{"start":{"line":35,"column":0},"end":{"line":35,"column":33}},"35":{"start":{"line":36,"column":0},"end":{"line":36,"column":0}},"36":{"start":{"line":37,"column":0},"end":{"line":37,"column":33}},"37":{"start":{"line":38,"column":0},"end":{"line":38,"column":0}},"38":{"start":{"line":39,"column":0},"end":{"line":39,"column":54}},"39":{"start":{"line":40,"column":0},"end":{"line":40,"column":0}},"40":{"start":{"line":41,"column":0},"end":{"line":41,"column":12}},"41":{"start":{"line":42,"column":0},"end":{"line":42,"column":51}},"42":{"start":{"line":43,"column":0},"end":{"line":43,"column":0}},"43":{"start":{"line":44,"column":0},"end":{"line":44,"column":27}},"44":{"start":{"line":45,"column":0},"end":{"line":45,"column":19}},"45":{"start":{"line":46,"column":0},"end":{"line":46,"column":45}},"46":{"start":{"line":47,"column":0},"end":{"line":47,"column":3}},"47":{"start":{"line":48,"column":0},"end":{"line":48,"column":2}},"48":{"start":{"line":49,"column":0},"end":{"line":49,"column":0}},"49":{"start":{"line":50,"column":0},"end":{"line":50,"column":4}},"50":{"start":{"line":51,"column":0},"end":{"line":51,"column":12}},"51":{"start":{"line":52,"column":0},"end":{"line":52,"column":4}},"52":{"start":{"line":53,"column":0},"end":{"line":53,"column":19}},"53":{"start":{"line":54,"column":0},"end":{"line":54,"column":19}},"54":{"start":{"line":55,"column":0},"end":{"line":55,"column":18}},"55":{"start":{"line":56,"column":0},"end":{"line":56,"column":4}},"56":{"start":{"line":57,"column":0},"end":{"line":57,"column":25}},"57":{"start":{"line":58,"column":0},"end":{"line":58,"column":7}},"58":{"start":{"line":59,"column":0},"end":{"line":59,"column":33}},"59":{"start":{"line":60,"column":0},"end":{"line":60,"column":0}},"60":{"start":{"line":61,"column":0},"end":{"line":61,"column":35}},"61":{"start":{"line":62,"column":0},"end":{"line":62,"column":31}},"62":{"start":{"line":63,"column":0},"end":{"line":63,"column":1}},"63":{"start":{"line":64,"column":0},"end":{"line":64,"column":15}},"64":{"start":{"line":65,"column":0},"end":{"line":65,"column":34}},"65":{"start":{"line":66,"column":0},"end":{"line":66,"column":38}},"66":{"start":{"line":67,"column":0},"end":{"line":67,"column":9}},"67":{"start":{"line":68,"column":0},"end":{"line":68,"column":53}},"68":{"start":{"line":69,"column":0},"end":{"line":69,"column":0}},"69":{"start":{"line":70,"column":0},"end":{"line":70,"column":34}},"70":{"start":{"line":71,"column":0},"end":{"line":71,"column":0}},"71":{"start":{"line":72,"column":0},"end":{"line":72,"column":40}},"72":{"start":{"line":73,"column":0},"end":{"line":73,"column":32}},"73":{"start":{"line":74,"column":0},"end":{"line":74,"column":0}},"74":{"start":{"line":75,"column":0},"end":{"line":75,"column":74}},"75":{"start":{"line":76,"column":0},"end":{"line":76,"column":19}},"76":{"start":{"line":77,"column":0},"end":{"line":77,"column":44}},"77":{"start":{"line":78,"column":0},"end":{"line":78,"column":3}},"78":{"start":{"line":79,"column":0},"end":{"line":79,"column":2}},"79":{"start":{"line":80,"column":0},"end":{"line":80,"column":0}},"80":{"start":{"line":81,"column":0},"end":{"line":81,"column":4}},"81":{"start":{"line":82,"column":0},"end":{"line":82,"column":25}},"82":{"start":{"line":83,"column":0},"end":{"line":83,"column":4}},"83":{"start":{"line":84,"column":0},"end":{"line":84,"column":27}},"84":{"start":{"line":85,"column":0},"end":{"line":85,"column":21}},"85":{"start":{"line":86,"column":0},"end":{"line":86,"column":4}},"86":{"start":{"line":87,"column":0},"end":{"line":87,"column":47}},"87":{"start":{"line":88,"column":0},"end":{"line":88,"column":63}},"88":{"start":{"line":89,"column":0},"end":{"line":89,"column":38}},"89":{"start":{"line":90,"column":0},"end":{"line":90,"column":0}},"90":{"start":{"line":91,"column":0},"end":{"line":91,"column":10}},"91":{"start":{"line":92,"column":0},"end":{"line":92,"column":57}},"92":{"start":{"line":93,"column":0},"end":{"line":93,"column":0}},"93":{"start":{"line":94,"column":0},"end":{"line":94,"column":14}},"94":{"start":{"line":95,"column":0},"end":{"line":95,"column":2}},"95":{"start":{"line":96,"column":0},"end":{"line":96,"column":1}},"96":{"start":{"line":97,"column":0},"end":{"line":97,"column":0}},"97":{"start":{"line":98,"column":0},"end":{"line":98,"column":18}},"98":{"start":{"line":99,"column":0},"end":{"line":99,"column":36}},"99":{"start":{"line":100,"column":0},"end":{"line":100,"column":55}},"100":{"start":{"line":101,"column":0},"end":{"line":101,"column":1}}},"s":{"0":1,"1":1,"2":1,"3":1,"4":1,"5":1,"6":1,"7":1,"8":1,"9":1,"10":1,"11":1,"12":1,"13":0,"14":0,"15":0,"16":0,"17":0,"18":0,"19":0,"20":0,"21":0,"22":0,"23":0,"24":1,"25":1,"26":1,"27":1,"28":1,"29":1,"30":1,"31":1,"32":1,"33":0,"34":0,"35":0,"36":0,"37":0,"38":0,"39":0,"40":0,"41":0,"42":0,"43":0,"44":0,"45":0,"46":0,"47":0,"48":1,"49":1,"50":1,"51":1,"52":1,"53":1,"54":1,"55":1,"56":1,"57":0,"58":0,"59":0,"60":0,"61":0,"62":0,"63":0,"64":0,"65":0,"66":0,"67":0,"68":0,"69":0,"70":0,"71":0,"72":0,"73":0,"74":0,"75":0,"76":0,"77":0,"78":0,"79":1,"80":1,"81":1,"82":1,"83":1,"84":1,"85":1,"86":1,"87":1,"88":1,"89":1,"90":1,"91":1,"92":1,"93":1,"94":1,"95":1,"96":1,"97":1,"98":1,"99":1,"100":1},"branchMap":{"0":{"type":"branch","line":87,"loc":{"start":{"line":87,"column":1},"end":{"line":95,"column":2}},"locations":[{"start":{"line":87,"column":1},"end":{"line":95,"column":2}}]},"1":{"type":"branch","line":92,"loc":{"start":{"line":92,"column":3},"end":{"line":92,"column":57}},"locations":[{"start":{"line":92,"column":3},"end":{"line":92,"column":57}}]}},"b":{"0":[1],"1":[0]},"fnMap":{"0":{"name":"index","decl":{"start":{"line":13,"column":1},"end":{"line":24,"column":2}},"loc":{"start":{"line":13,"column":1},"end":{"line":24,"column":2}},"line":13},"1":{"name":"show","decl":{"start":{"line":33,"column":1},"end":{"line":48,"column":2}},"loc":{"start":{"line":33,"column":1},"end":{"line":48,"column":2}},"line":33},"2":{"name":"create","decl":{"start":{"line":57,"column":1},"end":{"line":79,"column":2}},"loc":{"start":{"line":57,"column":1},"end":{"line":79,"column":2}},"line":57},"3":{"name":"generateRandomShort","decl":{"start":{"line":87,"column":1},"end":{"line":95,"column":2}},"loc":{"start":{"line":87,"column":1},"end":{"line":95,"column":2}},"line":87}},"f":{"0":0,"1":0,"2":0,"3":1}}
,"/usr/src/maya/api/database/connection.js": {"path":"/usr/src/maya/api/database/connection.js","all":false,"statementMap":{"0":{"start":{"line":1,"column":0},"end":{"line":1,"column":32}},"1":{"start":{"line":2,"column":0},"end":{"line":2,"column":0}},"2":{"start":{"line":3,"column":0},"end":{"line":3,"column":3}},"3":{"start":{"line":4,"column":0},"end":{"line":4,"column":29}},"4":{"start":{"line":5,"column":0},"end":{"line":5,"column":3}},"5":{"start":{"line":6,"column":0},"end":{"line":6,"column":20}},"6":{"start":{"line":7,"column":0},"end":{"line":7,"column":3}},"7":{"start":{"line":8,"column":0},"end":{"line":8,"column":34}},"8":{"start":{"line":9,"column":0},"end":{"line":9,"column":28}},"9":{"start":{"line":10,"column":0},"end":{"line":10,"column":6}},"10":{"start":{"line":11,"column":0},"end":{"line":11,"column":24}},"11":{"start":{"line":12,"column":0},"end":{"line":12,"column":15}},"12":{"start":{"line":13,"column":0},"end":{"line":13,"column":16}},"13":{"start":{"line":14,"column":0},"end":{"line":14,"column":14}},"14":{"start":{"line":15,"column":0},"end":{"line":15,"column":46}},"15":{"start":{"line":16,"column":0},"end":{"line":16,"column":2}},"16":{"start":{"line":17,"column":0},"end":{"line":17,"column":2}},"17":{"start":{"line":18,"column":0},"end":{"line":18,"column":0}},"18":{"start":{"line":19,"column":0},"end":{"line":19,"column":25}}},"s":{"0":1,"1":1,"2":1,"3":1,"4":1,"5":1,"6":1,"7":1,"8":19,"9":19,"10":19,"11":18,"12":19,"13":1,"14":1,"15":1,"16":19,"17":1,"18":1},"branchMap":{"0":{"type":"branch","line":8,"loc":{"start":{"line":8,"column":16},"end":{"line":17,"column":2}},"locations":[{"start":{"line":8,"column":16},"end":{"line":17,"column":2}}]},"1":{"type":"branch","line":12,"loc":{"start":{"line":12,"column":-1},"end":{"line":13,"column":3}},"locations":[{"start":{"line":12,"column":-1},"end":{"line":13,"column":3}}]},"2":{"type":"branch","line":13,"loc":{"start":{"line":13,"column":3},"end":{"line":16,"column":2}},"locations":[{"start":{"line":13,"column":3},"end":{"line":16,"column":2}}]}},"b":{"0":[19],"1":[18],"2":[1]},"fnMap":{"0":{"name":"connect","decl":{"start":{"line":8,"column":16},"end":{"line":17,"column":2}},"loc":{"start":{"line":8,"column":16},"end":{"line":17,"column":2}},"line":8}},"f":{"0":19}}
,"/usr/src/maya/api/models/Urls.js": {"path":"/usr/src/maya/api/models/Urls.js","all":false,"statementMap":{"0":{"start":{"line":1,"column":0},"end":{"line":1,"column":53}},"1":{"start":{"line":2,"column":0},"end":{"line":2,"column":0}},"2":{"start":{"line":3,"column":0},"end":{"line":3,"column":12}},"3":{"start":{"line":4,"column":0},"end":{"line":4,"column":0}},"4":{"start":{"line":5,"column":0},"end":{"line":5,"column":4}},"5":{"start":{"line":6,"column":0},"end":{"line":6,"column":19}},"6":{"start":{"line":7,"column":0},"end":{"line":7,"column":4}},"7":{"start":{"line":8,"column":0},"end":{"line":8,"column":27}},"8":{"start":{"line":9,"column":0},"end":{"line":9,"column":4}},"9":{"start":{"line":10,"column":0},"end":{"line":10,"column":14}},"10":{"start":{"line":11,"column":0},"end":{"line":11,"column":48}},"11":{"start":{"line":12,"column":0},"end":{"line":12,"column":2}},"12":{"start":{"line":13,"column":0},"end":{"line":13,"column":0}},"13":{"start":{"line":14,"column":0},"end":{"line":14,"column":4}},"14":{"start":{"line":15,"column":0},"end":{"line":15,"column":20}},"15":{"start":{"line":16,"column":0},"end":{"line":16,"column":4}},"16":{"start":{"line":17,"column":0},"end":{"line":17,"column":26}},"17":{"start":{"line":18,"column":0},"end":{"line":18,"column":21}},"18":{"start":{"line":19,"column":0},"end":{"line":19,"column":4}},"19":{"start":{"line":20,"column":0},"end":{"line":20,"column":22}},"20":{"start":{"line":21,"column":0},"end":{"line":21,"column":34}},"21":{"start":{"line":22,"column":0},"end":{"line":22,"column":7}},"22":{"start":{"line":23,"column":0},"end":{"line":23,"column":121}},"23":{"start":{"line":24,"column":0},"end":{"line":24,"column":0}},"24":{"start":{"line":25,"column":0},"end":{"line":25,"column":29}},"25":{"start":{"line":26,"column":0},"end":{"line":26,"column":19}},"26":{"start":{"line":27,"column":0},"end":{"line":27,"column":14}},"27":{"start":{"line":28,"column":0},"end":{"line":28,"column":13}},"28":{"start":{"line":29,"column":0},"end":{"line":29,"column":15}},"29":{"start":{"line":30,"column":0},"end":{"line":30,"column":3}},"30":{"start":{"line":31,"column":0},"end":{"line":31,"column":2}},"31":{"start":{"line":32,"column":0},"end":{"line":32,"column":0}},"32":{"start":{"line":33,"column":0},"end":{"line":33,"column":4}},"33":{"start":{"line":34,"column":0},"end":{"line":34,"column":36}},"34":{"start":{"line":35,"column":0},"end":{"line":35,"column":4}},"35":{"start":{"line":36,"column":0},"end":{"line":36,"column":25}},"36":{"start":{"line":37,"column":0},"end":{"line":37,"column":28}},"37":{"start":{"line":38,"column":0},"end":{"line":38,"column":4}},"38":{"start":{"line":39,"column":0},"end":{"line":39,"column":27}},"39":{"start":{"line":40,"column":0},"end":{"line":40,"column":89}},"40":{"start":{"line":41,"column":0},"end":{"line":41,"column":2}},"41":{"start":{"line":42,"column":0},"end":{"line":42,"column":0}},"42":{"start":{"line":43,"column":0},"end":{"line":43,"column":4}},"43":{"start":{"line":44,"column":0},"end":{"line":44,"column":34}},"44":{"start":{"line":45,"column":0},"end":{"line":45,"column":4}},"45":{"start":{"line":46,"column":0},"end":{"line":46,"column":23}},"46":{"start":{"line":47,"column":0},"end":{"line":47,"column":28}},"47":{"start":{"line":48,"column":0},"end":{"line":48,"column":4}},"48":{"start":{"line":49,"column":0},"end":{"line":49,"column":23}},"49":{"start":{"line":50,"column":0},"end":{"line":50,"column":85}},"50":{"start":{"line":51,"column":0},"end":{"line":51,"column":2}},"51":{"start":{"line":52,"column":0},"end":{"line":52,"column":0}},"52":{"start":{"line":53,"column":0},"end":{"line":53,"column":4}},"53":{"start":{"line":54,"column":0},"end":{"line":54,"column":24}},"54":{"start":{"line":55,"column":0},"end":{"line":55,"column":4}},"55":{"start":{"line":56,"column":0},"end":{"line":56,"column":26}},"56":{"start":{"line":57,"column":0},"end":{"line":57,"column":27}},"57":{"start":{"line":58,"column":0},"end":{"line":58,"column":27}},"58":{"start":{"line":59,"column":0},"end":{"line":59,"column":36}},"59":{"start":{"line":60,"column":0},"end":{"line":60,"column":4}},"60":{"start":{"line":61,"column":0},"end":{"line":61,"column":50}},"61":{"start":{"line":62,"column":0},"end":{"line":62,"column":34}},"62":{"start":{"line":63,"column":0},"end":{"line":63,"column":7}},"63":{"start":{"line":64,"column":0},"end":{"line":64,"column":49}},"64":{"start":{"line":65,"column":0},"end":{"line":65,"column":3}},"65":{"start":{"line":66,"column":0},"end":{"line":66,"column":18}},"66":{"start":{"line":67,"column":0},"end":{"line":67,"column":15}},"67":{"start":{"line":68,"column":0},"end":{"line":68,"column":0}},"68":{"start":{"line":69,"column":0},"end":{"line":69,"column":13}},"69":{"start":{"line":70,"column":0},"end":{"line":70,"column":28}},"70":{"start":{"line":71,"column":0},"end":{"line":71,"column":0}},"71":{"start":{"line":72,"column":0},"end":{"line":72,"column":19}},"72":{"start":{"line":73,"column":0},"end":{"line":73,"column":19}},"73":{"start":{"line":74,"column":0},"end":{"line":74,"column":14}},"74":{"start":{"line":75,"column":0},"end":{"line":75,"column":13}},"75":{"start":{"line":76,"column":0},"end":{"line":76,"column":15}},"76":{"start":{"line":77,"column":0},"end":{"line":77,"column":3}},"77":{"start":{"line":78,"column":0},"end":{"line":78,"column":2}},"78":{"start":{"line":79,"column":0},"end":{"line":79,"column":0}},"79":{"start":{"line":80,"column":0},"end":{"line":80,"column":4}},"80":{"start":{"line":81,"column":0},"end":{"line":81,"column":14}},"81":{"start":{"line":82,"column":0},"end":{"line":82,"column":4}},"82":{"start":{"line":83,"column":0},"end":{"line":83,"column":31}},"83":{"start":{"line":84,"column":0},"end":{"line":84,"column":22}},"84":{"start":{"line":85,"column":0},"end":{"line":85,"column":4}},"85":{"start":{"line":86,"column":0},"end":{"line":86,"column":21}},"86":{"start":{"line":87,"column":0},"end":{"line":87,"column":34}},"87":{"start":{"line":88,"column":0},"end":{"line":88,"column":7}},"88":{"start":{"line":89,"column":0},"end":{"line":89,"column":61}},"89":{"start":{"line":90,"column":0},"end":{"line":90,"column":0}},"90":{"start":{"line":91,"column":0},"end":{"line":91,"column":74}},"91":{"start":{"line":92,"column":0},"end":{"line":92,"column":0}},"92":{"start":{"line":93,"column":0},"end":{"line":93,"column":14}},"93":{"start":{"line":94,"column":0},"end":{"line":94,"column":19}},"94":{"start":{"line":95,"column":0},"end":{"line":95,"column":14}},"95":{"start":{"line":96,"column":0},"end":{"line":96,"column":13}},"96":{"start":{"line":97,"column":0},"end":{"line":97,"column":15}},"97":{"start":{"line":98,"column":0},"end":{"line":98,"column":3}},"98":{"start":{"line":99,"column":0},"end":{"line":99,"column":2}},"99":{"start":{"line":100,"column":0},"end":{"line":100,"column":1}},"100":{"start":{"line":101,"column":0},"end":{"line":101,"column":0}},"101":{"start":{"line":102,"column":0},"end":{"line":102,"column":27}}},"s":{"0":1,"1":1,"2":1,"3":1,"4":1,"5":1,"6":1,"7":1,"8":1,"9":1,"10":1,"11":1,"12":1,"13":1,"14":1,"15":1,"16":1,"17":1,"18":1,"19":1,"20":6,"21":6,"22":6,"23":5,"24":5,"25":6,"26":1,"27":6,"28":6,"29":6,"30":6,"31":1,"32":1,"33":1,"34":1,"35":1,"36":1,"37":1,"38":1,"39":3,"40":3,"41":1,"42":1,"43":1,"44":1,"45":1,"46":1,"47":1,"48":1,"49":2,"50":2,"51":1,"52":1,"53":1,"54":1,"55":1,"56":1,"57":1,"58":1,"59":1,"60":1,"61":7,"62":7,"63":7,"64":6,"65":6,"66":7,"67":6,"68":6,"69":7,"70":1,"71":1,"72":1,"73":1,"74":7,"75":7,"76":7,"77":7,"78":1,"79":1,"80":1,"81":1,"82":1,"83":1,"84":1,"85":1,"86":5,"87":5,"88":5,"89":5,"90":5,"91":4,"92":4,"93":5,"94":1,"95":5,"96":5,"97":5,"98":5,"99":1,"100":1,"101":1},"branchMap":{"0":{"type":"branch","line":10,"loc":{"start":{"line":10,"column":1},"end":{"line":12,"column":2}},"locations":[{"start":{"line":10,"column":1},"end":{"line":12,"column":2}}]},"1":{"type":"branch","line":20,"loc":{"start":{"line":20,"column":1},"end":{"line":31,"column":2}},"locations":[{"start":{"line":20,"column":1},"end":{"line":31,"column":2}}]},"2":{"type":"branch","line":24,"loc":{"start":{"line":24,"column":-1},"end":{"line":26,"column":4}},"locations":[{"start":{"line":24,"column":-1},"end":{"line":26,"column":4}}]},"3":{"type":"branch","line":26,"loc":{"start":{"line":26,"column":4},"end":{"line":28,"column":12}},"locations":[{"start":{"line":26,"column":4},"end":{"line":28,"column":12}}]},"4":{"type":"branch","line":26,"loc":{"start":{"line":26,"column":4},"end":{"line":28,"column":3}},"locations":[{"start":{"line":26,"column":4},"end":{"line":28,"column":3}}]},"5":{"type":"branch","line":28,"loc":{"start":{"line":28,"column":3},"end":{"line":28,"column":12}},"locations":[{"start":{"line":28,"column":3},"end":{"line":28,"column":12}}]},"6":{"type":"branch","line":39,"loc":{"start":{"line":39,"column":1},"end":{"line":41,"column":2}},"locations":[{"start":{"line":39,"column":1},"end":{"line":41,"column":2}}]},"7":{"type":"branch","line":49,"loc":{"start":{"line":49,"column":1},"end":{"line":51,"column":2}},"locations":[{"start":{"line":49,"column":1},"end":{"line":51,"column":2}}]},"8":{"type":"branch","line":61,"loc":{"start":{"line":61,"column":1},"end":{"line":78,"column":2}},"locations":[{"start":{"line":61,"column":1},"end":{"line":78,"column":2}}]},"9":{"type":"branch","line":65,"loc":{"start":{"line":65,"column":-1},"end":{"line":66,"column":18}},"locations":[{"start":{"line":65,"column":-1},"end":{"line":66,"column":18}}]},"10":{"type":"branch","line":67,"loc":{"start":{"line":67,"column":4},"end":{"line":67,"column":15}},"locations":[{"start":{"line":67,"column":4},"end":{"line":67,"column":15}}]},"11":{"type":"branch","line":68,"loc":{"start":{"line":68,"column":-1},"end":{"line":69,"column":13}},"locations":[{"start":{"line":68,"column":-1},"end":{"line":69,"column":13}}]},"12":{"type":"branch","line":70,"loc":{"start":{"line":70,"column":4},"end":{"line":70,"column":28}},"locations":[{"start":{"line":70,"column":4},"end":{"line":70,"column":28}}]},"13":{"type":"branch","line":71,"loc":{"start":{"line":71,"column":-1},"end":{"line":75,"column":12}},"locations":[{"start":{"line":71,"column":-1},"end":{"line":75,"column":12}}]},"14":{"type":"branch","line":71,"loc":{"start":{"line":71,"column":-1},"end":{"line":75,"column":3}},"locations":[{"start":{"line":71,"column":-1},"end":{"line":75,"column":3}}]},"15":{"type":"branch","line":75,"loc":{"start":{"line":75,"column":3},"end":{"line":75,"column":12}},"locations":[{"start":{"line":75,"column":3},"end":{"line":75,"column":12}}]},"16":{"type":"branch","line":86,"loc":{"start":{"line":86,"column":1},"end":{"line":99,"column":2}},"locations":[{"start":{"line":86,"column":1},"end":{"line":99,"column":2}}]},"17":{"type":"branch","line":89,"loc":{"start":{"line":89,"column":41},"end":{"line":89,"column":54}},"locations":[{"start":{"line":89,"column":41},"end":{"line":89,"column":54}}]},"18":{"type":"branch","line":89,"loc":{"start":{"line":89,"column":54},"end":{"line":89,"column":61}},"locations":[{"start":{"line":89,"column":54},"end":{"line":89,"column":61}}]},"19":{"type":"branch","line":92,"loc":{"start":{"line":92,"column":-1},"end":{"line":94,"column":4}},"locations":[{"start":{"line":92,"column":-1},"end":{"line":94,"column":4}}]},"20":{"type":"branch","line":94,"loc":{"start":{"line":94,"column":4},"end":{"line":96,"column":12}},"locations":[{"start":{"line":94,"column":4},"end":{"line":96,"column":12}}]},"21":{"type":"branch","line":94,"loc":{"start":{"line":94,"column":4},"end":{"line":96,"column":3}},"locations":[{"start":{"line":94,"column":4},"end":{"line":96,"column":3}}]},"22":{"type":"branch","line":96,"loc":{"start":{"line":96,"column":3},"end":{"line":96,"column":12}},"locations":[{"start":{"line":96,"column":3},"end":{"line":96,"column":12}}]}},"b":{"0":[1],"1":[6],"2":[5],"3":[4],"4":[1],"5":[0],"6":[3],"7":[2],"8":[7],"9":[6],"10":[0],"11":[6],"12":[5],"13":[2],"14":[1],"15":[0],"16":[5],"17":[1],"18":[4],"19":[4],"20":[3],"21":[1],"22":[0]},"fnMap":{"0":{"name":"all","decl":{"start":{"line":10,"column":1},"end":{"line":12,"column":2}},"loc":{"start":{"line":10,"column":1},"end":{"line":12,"column":2}},"line":10},"1":{"name":"store","decl":{"start":{"line":20,"column":1},"end":{"line":31,"column":2}},"loc":{"start":{"line":20,"column":1},"end":{"line":31,"column":2}},"line":20},"2":{"name":"findByShort","decl":{"start":{"line":39,"column":1},"end":{"line":41,"column":2}},"loc":{"start":{"line":39,"column":1},"end":{"line":41,"column":2}},"line":39},"3":{"name":"findByUrl","decl":{"start":{"line":49,"column":1},"end":{"line":51,"column":2}},"loc":{"start":{"line":49,"column":1},"end":{"line":51,"column":2}},"line":49},"4":{"name":"select","decl":{"start":{"line":61,"column":1},"end":{"line":78,"column":2}},"loc":{"start":{"line":61,"column":1},"end":{"line":78,"column":2}},"line":61},"5":{"name":"destroy","decl":{"start":{"line":86,"column":1},"end":{"line":99,"column":2}},"loc":{"start":{"line":86,"column":1},"end":{"line":99,"column":2}},"line":86}},"f":{"0":1,"1":6,"2":3,"3":2,"4":7,"5":5}}
,"/usr/src/maya/api/utils/Validation.js": {"path":"/usr/src/maya/api/utils/Validation.js","all":false,"statementMap":{"0":{"start":{"line":1,"column":0},"end":{"line":1,"column":40}},"1":{"start":{"line":2,"column":0},"end":{"line":2,"column":38}},"2":{"start":{"line":3,"column":0},"end":{"line":3,"column":0}},"3":{"start":{"line":4,"column":0},"end":{"line":4,"column":18}},"4":{"start":{"line":5,"column":0},"end":{"line":5,"column":0}},"5":{"start":{"line":6,"column":0},"end":{"line":6,"column":4}},"6":{"start":{"line":7,"column":0},"end":{"line":7,"column":44}},"7":{"start":{"line":8,"column":0},"end":{"line":8,"column":4}},"8":{"start":{"line":9,"column":0},"end":{"line":9,"column":27}},"9":{"start":{"line":10,"column":0},"end":{"line":10,"column":4}},"10":{"start":{"line":11,"column":0},"end":{"line":11,"column":23}},"11":{"start":{"line":12,"column":0},"end":{"line":12,"column":43}},"12":{"start":{"line":13,"column":0},"end":{"line":13,"column":72}},"13":{"start":{"line":14,"column":0},"end":{"line":14,"column":2}},"14":{"start":{"line":15,"column":0},"end":{"line":15,"column":0}},"15":{"start":{"line":16,"column":0},"end":{"line":16,"column":4}},"16":{"start":{"line":17,"column":0},"end":{"line":17,"column":22}},"17":{"start":{"line":18,"column":0},"end":{"line":18,"column":4}},"18":{"start":{"line":19,"column":0},"end":{"line":19,"column":27}},"19":{"start":{"line":20,"column":0},"end":{"line":20,"column":31}},"20":{"start":{"line":21,"column":0},"end":{"line":21,"column":4}},"21":{"start":{"line":22,"column":0},"end":{"line":22,"column":31}},"22":{"start":{"line":23,"column":0},"end":{"line":23,"column":14}},"23":{"start":{"line":24,"column":0},"end":{"line":24,"column":54}},"24":{"start":{"line":25,"column":0},"end":{"line":25,"column":2}},"25":{"start":{"line":26,"column":0},"end":{"line":26,"column":0}},"26":{"start":{"line":27,"column":0},"end":{"line":27,"column":4}},"27":{"start":{"line":28,"column":0},"end":{"line":28,"column":22}},"28":{"start":{"line":29,"column":0},"end":{"line":29,"column":4}},"29":{"start":{"line":30,"column":0},"end":{"line":30,"column":24}},"30":{"start":{"line":31,"column":0},"end":{"line":31,"column":4}},"31":{"start":{"line":32,"column":0},"end":{"line":32,"column":19}},"32":{"start":{"line":33,"column":0},"end":{"line":33,"column":7}},"33":{"start":{"line":34,"column":0},"end":{"line":34,"column":28}},"34":{"start":{"line":35,"column":0},"end":{"line":35,"column":11}},"35":{"start":{"line":36,"column":0},"end":{"line":36,"column":19}},"36":{"start":{"line":37,"column":0},"end":{"line":37,"column":40}},"37":{"start":{"line":38,"column":0},"end":{"line":38,"column":3}},"38":{"start":{"line":39,"column":0},"end":{"line":39,"column":2}},"39":{"start":{"line":40,"column":0},"end":{"line":40,"column":0}},"40":{"start":{"line":41,"column":0},"end":{"line":41,"column":4}},"41":{"start":{"line":42,"column":0},"end":{"line":42,"column":27}},"42":{"start":{"line":43,"column":0},"end":{"line":43,"column":4}},"43":{"start":{"line":44,"column":0},"end":{"line":44,"column":25}},"44":{"start":{"line":45,"column":0},"end":{"line":45,"column":4}},"45":{"start":{"line":46,"column":0},"end":{"line":46,"column":23}},"46":{"start":{"line":47,"column":0},"end":{"line":47,"column":40}},"47":{"start":{"line":48,"column":0},"end":{"line":48,"column":0}},"48":{"start":{"line":49,"column":0},"end":{"line":49,"column":10}},"49":{"start":{"line":50,"column":0},"end":{"line":50,"column":68}},"50":{"start":{"line":51,"column":0},"end":{"line":51,"column":2}},"51":{"start":{"line":52,"column":0},"end":{"line":52,"column":0}},"52":{"start":{"line":53,"column":0},"end":{"line":53,"column":4}},"53":{"start":{"line":54,"column":0},"end":{"line":54,"column":29}},"54":{"start":{"line":55,"column":0},"end":{"line":55,"column":4}},"55":{"start":{"line":56,"column":0},"end":{"line":56,"column":26}},"56":{"start":{"line":57,"column":0},"end":{"line":57,"column":4}},"57":{"start":{"line":58,"column":0},"end":{"line":58,"column":26}},"58":{"start":{"line":59,"column":0},"end":{"line":59,"column":36}},"59":{"start":{"line":60,"column":0},"end":{"line":60,"column":45}},"60":{"start":{"line":61,"column":0},"end":{"line":61,"column":2}},"61":{"start":{"line":62,"column":0},"end":{"line":62,"column":1}},"62":{"start":{"line":63,"column":0},"end":{"line":63,"column":0}},"63":{"start":{"line":64,"column":0},"end":{"line":64,"column":34}}},"s":{"0":1,"1":1,"2":1,"3":1,"4":1,"5":1,"6":1,"7":1,"8":1,"9":1,"10":1,"11":2,"12":2,"13":2,"14":1,"15":1,"16":1,"17":1,"18":1,"19":1,"20":1,"21":1,"22":2,"23":2,"24":2,"25":1,"26":1,"27":1,"28":1,"29":1,"30":1,"31":1,"32":2,"33":2,"34":2,"35":2,"36":1,"37":1,"38":2,"39":1,"40":1,"41":1,"42":1,"43":1,"44":1,"45":1,"46":2,"47":2,"48":2,"49":2,"50":2,"51":1,"52":1,"53":1,"54":1,"55":1,"56":1,"57":1,"58":2,"59":2,"60":2,"61":1,"62":1,"63":1},"branchMap":{"0":{"type":"branch","line":11,"loc":{"start":{"line":11,"column":1},"end":{"line":14,"column":2}},"locations":[{"start":{"line":11,"column":1},"end":{"line":14,"column":2}}]},"1":{"type":"branch","line":13,"loc":{"start":{"line":13,"column":3},"end":{"line":13,"column":72}},"locations":[{"start":{"line":13,"column":3},"end":{"line":13,"column":72}}]},"2":{"type":"branch","line":22,"loc":{"start":{"line":22,"column":1},"end":{"line":25,"column":2}},"locations":[{"start":{"line":22,"column":1},"end":{"line":25,"column":2}}]},"3":{"type":"branch","line":24,"loc":{"start":{"line":24,"column":3},"end":{"line":24,"column":54}},"locations":[{"start":{"line":24,"column":3},"end":{"line":24,"column":54}}]},"4":{"type":"branch","line":32,"loc":{"start":{"line":32,"column":1},"end":{"line":39,"column":2}},"locations":[{"start":{"line":32,"column":1},"end":{"line":39,"column":2}}]},"5":{"type":"branch","line":35,"loc":{"start":{"line":35,"column":4},"end":{"line":35,"column":11}},"locations":[{"start":{"line":35,"column":4},"end":{"line":35,"column":11}}]},"6":{"type":"branch","line":36,"loc":{"start":{"line":36,"column":4},"end":{"line":38,"column":3}},"locations":[{"start":{"line":36,"column":4},"end":{"line":38,"column":3}}]},"7":{"type":"branch","line":46,"loc":{"start":{"line":46,"column":1},"end":{"line":51,"column":2}},"locations":[{"start":{"line":46,"column":1},"end":{"line":51,"column":2}}]},"8":{"type":"branch","line":50,"loc":{"start":{"line":50,"column":3},"end":{"line":50,"column":68}},"locations":[{"start":{"line":50,"column":3},"end":{"line":50,"column":68}}]},"9":{"type":"branch","line":58,"loc":{"start":{"line":58,"column":1},"end":{"line":61,"column":2}},"locations":[{"start":{"line":58,"column":1},"end":{"line":61,"column":2}}]},"10":{"type":"branch","line":60,"loc":{"start":{"line":60,"column":3},"end":{"line":60,"column":45}},"locations":[{"start":{"line":60,"column":3},"end":{"line":60,"column":45}}]}},"b":{"0":[2],"1":[1],"2":[2],"3":[1],"4":[2],"5":[1],"6":[1],"7":[2],"8":[1],"9":[2],"10":[1]},"fnMap":{"0":{"name":"alphaNumeric","decl":{"start":{"line":11,"column":1},"end":{"line":14,"column":2}},"loc":{"start":{"line":11,"column":1},"end":{"line":14,"column":2}},"line":11},"1":{"name":"required","decl":{"start":{"line":22,"column":1},"end":{"line":25,"column":2}},"loc":{"start":{"line":22,"column":1},"end":{"line":25,"column":2}},"line":22},"2":{"name":"validateUrl","decl":{"start":{"line":32,"column":1},"end":{"line":39,"column":2}},"loc":{"start":{"line":32,"column":1},"end":{"line":39,"column":2}},"line":32},"3":{"name":"existUrl","decl":{"start":{"line":46,"column":1},"end":{"line":51,"column":2}},"loc":{"start":{"line":46,"column":1},"end":{"line":51,"column":2}},"line":46},"4":{"name":"existShort","decl":{"start":{"line":58,"column":1},"end":{"line":61,"column":2}},"loc":{"start":{"line":58,"column":1},"end":{"line":61,"column":2}},"line":58}},"f":{"0":2,"1":2,"2":2,"3":2,"4":2}}
}
