TN:
SF:controllers/UrlController.js
FN:13,index
FN:33,show
FN:57,create
FN:87,generateRandomShort
FNF:4
FNH:1
FNDA:0,index
FNDA:0,show
FNDA:0,create
FNDA:1,generateRandomShort
DA:1,1
DA:2,1
DA:3,1
DA:4,1
DA:5,1
DA:6,1
DA:7,1
DA:8,1
DA:9,1
DA:10,1
DA:11,1
DA:12,1
DA:13,1
DA:14,0
DA:15,0
DA:16,0
DA:17,0
DA:18,0
DA:19,0
DA:20,0
DA:21,0
DA:22,0
DA:23,0
DA:24,0
DA:25,1
DA:26,1
DA:27,1
DA:28,1
DA:29,1
DA:30,1
DA:31,1
DA:32,1
DA:33,1
DA:34,0
DA:35,0
DA:36,0
DA:37,0
DA:38,0
DA:39,0
DA:40,0
DA:41,0
DA:42,0
DA:43,0
DA:44,0
DA:45,0
DA:46,0
DA:47,0
DA:48,0
DA:49,1
DA:50,1
DA:51,1
DA:52,1
DA:53,1
DA:54,1
DA:55,1
DA:56,1
DA:57,1
DA:58,0
DA:59,0
DA:60,0
DA:61,0
DA:62,0
DA:63,0
DA:64,0
DA:65,0
DA:66,0
DA:67,0
DA:68,0
DA:69,0
DA:70,0
DA:71,0
DA:72,0
DA:73,0
DA:74,0
DA:75,0
DA:76,0
DA:77,0
DA:78,0
DA:79,0
DA:80,1
DA:81,1
DA:82,1
DA:83,1
DA:84,1
DA:85,1
DA:86,1
DA:87,1
DA:88,1
DA:89,1
DA:90,1
DA:91,1
DA:92,1
DA:93,1
DA:94,1
DA:95,1
DA:96,1
DA:97,1
DA:98,1
DA:99,1
DA:100,1
DA:101,1
LF:101
LH:53
BRDA:87,0,0,1
BRDA:92,1,0,0
BRF:2
BRH:1
end_of_record
TN:
SF:database/connection.js
FN:8,connect
FNF:1
FNH:1
FNDA:19,connect
DA:1,1
DA:2,1
DA:3,1
DA:4,1
DA:5,1
DA:6,1
DA:7,1
DA:8,1
DA:9,19
DA:10,19
DA:11,19
DA:12,18
DA:13,19
DA:14,1
DA:15,1
DA:16,1
DA:17,19
DA:18,1
DA:19,1
LF:19
LH:19
BRDA:8,0,0,19
BRDA:12,1,0,18
BRDA:13,2,0,1
BRF:3
BRH:3
end_of_record
TN:
SF:models/Urls.js
FN:10,all
FN:20,store
FN:39,findByShort
FN:49,findByUrl
FN:61,select
FN:86,destroy
FNF:6
FNH:6
FNDA:1,all
FNDA:6,store
FNDA:3,findByShort
FNDA:2,findByUrl
FNDA:7,select
FNDA:5,destroy
DA:1,1
DA:2,1
DA:3,1
DA:4,1
DA:5,1
DA:6,1
DA:7,1
DA:8,1
DA:9,1
DA:10,1
DA:11,1
DA:12,1
DA:13,1
DA:14,1
DA:15,1
DA:16,1
DA:17,1
DA:18,1
DA:19,1
DA:20,1
DA:21,6
DA:22,6
DA:23,6
DA:24,5
DA:25,5
DA:26,6
DA:27,1
DA:28,6
DA:29,6
DA:30,6
DA:31,6
DA:32,1
DA:33,1
DA:34,1
DA:35,1
DA:36,1
DA:37,1
DA:38,1
DA:39,1
DA:40,3
DA:41,3
DA:42,1
DA:43,1
DA:44,1
DA:45,1
DA:46,1
DA:47,1
DA:48,1
DA:49,1
DA:50,2
DA:51,2
DA:52,1
DA:53,1
DA:54,1
DA:55,1
DA:56,1
DA:57,1
DA:58,1
DA:59,1
DA:60,1
DA:61,1
DA:62,7
DA:63,7
DA:64,7
DA:65,6
DA:66,6
DA:67,7
DA:68,6
DA:69,6
DA:70,7
DA:71,1
DA:72,1
DA:73,1
DA:74,1
DA:75,7
DA:76,7
DA:77,7
DA:78,7
DA:79,1
DA:80,1
DA:81,1
DA:82,1
DA:83,1
DA:84,1
DA:85,1
DA:86,1
DA:87,5
DA:88,5
DA:89,5
DA:90,5
DA:91,5
DA:92,4
DA:93,4
DA:94,5
DA:95,1
DA:96,5
DA:97,5
DA:98,5
DA:99,5
DA:100,1
DA:101,1
DA:102,1
LF:102
LH:102
BRDA:10,0,0,1
BRDA:20,1,0,6
BRDA:24,2,0,5
BRDA:26,3,0,4
BRDA:26,4,0,1
BRDA:28,5,0,0
BRDA:39,6,0,3
BRDA:49,7,0,2
BRDA:61,8,0,7
BRDA:65,9,0,6
BRDA:67,10,0,0
BRDA:68,11,0,6
BRDA:70,12,0,5
BRDA:71,13,0,2
BRDA:71,14,0,1
BRDA:75,15,0,0
BRDA:86,16,0,5
BRDA:89,17,0,1
BRDA:89,18,0,4
BRDA:92,19,0,4
BRDA:94,20,0,3
BRDA:94,21,0,1
BRDA:96,22,0,0
BRF:23
BRH:19
end_of_record
TN:
SF:utils/Validation.js
FN:11,alphaNumeric
FN:22,required
FN:32,validateUrl
FN:46,existUrl
FN:58,existShort
FNF:5
FNH:5
FNDA:2,alphaNumeric
FNDA:2,required
FNDA:2,validateUrl
FNDA:2,existUrl
FNDA:2,existShort
DA:1,1
DA:2,1
DA:3,1
DA:4,1
DA:5,1
DA:6,1
DA:7,1
DA:8,1
DA:9,1
DA:10,1
DA:11,1
DA:12,2
DA:13,2
DA:14,2
DA:15,1
DA:16,1
DA:17,1
DA:18,1
DA:19,1
DA:20,1
DA:21,1
DA:22,1
DA:23,2
DA:24,2
DA:25,2
DA:26,1
DA:27,1
DA:28,1
DA:29,1
DA:30,1
DA:31,1
DA:32,1
DA:33,2
DA:34,2
DA:35,2
DA:36,2
DA:37,1
DA:38,1
DA:39,2
DA:40,1
DA:41,1
DA:42,1
DA:43,1
DA:44,1
DA:45,1
DA:46,1
DA:47,2
DA:48,2
DA:49,2
DA:50,2
DA:51,2
DA:52,1
DA:53,1
DA:54,1
DA:55,1
DA:56,1
DA:57,1
DA:58,1
DA:59,2
DA:60,2
DA:61,2
DA:62,1
DA:63,1
DA:64,1
LF:64
LH:64
BRDA:11,0,0,2
BRDA:13,1,0,1
BRDA:22,2,0,2
BRDA:24,3,0,1
BRDA:32,4,0,2
BRDA:35,5,0,1
BRDA:36,6,0,1
BRDA:46,7,0,2
BRDA:50,8,0,1
BRDA:58,9,0,2
BRDA:60,10,0,1
BRF:11
BRH:11
end_of_record
